12-02 11:15:00 [info] [FFmpeg] 检查 Native Addon 可用性...
12-02 11:15:00 [info] [FFmpeg] ✓ 使用 Native Addon 适配器
12-02 11:15:00 [info] [StdOut] 已重定向到命名管道: \\.\pipe\NapCat_58848
12-02 11:15:00 [info] [PacketHandler] 加载成功
12-02 11:15:00 [info] [PacketHandler] 初始化成功
12-02 11:15:00 [info] [NapCat] [Core] NapCat.Core Version: 4.9.80
12-02 11:15:00 [info] [NapCat] [WebUi] WebUi Token: O5*r*.LIaxE0huF7
12-02 11:15:00 [info] [NapCat] [WebUi] WebUi User Panel Url: http://127.0.0.1:6099/webui?token=O5*r*.LIaxE0huF7
12-02 11:15:00 [info] [NapCat] [WebUi] WebUi User Panel Url: http://0.0.0.0:6099/webui?token=O5*r*.LIaxE0huF7
12-02 11:15:00 [info] 等待网络连接...
12-02 11:15:01 [info] 网络已连接
12-02 11:15:01 [error] 快速登录失败，未找到该 QQ 历史登录记录，将使用二维码登录方式
12-02 11:15:01 [warn] 请扫描下面的二维码，然后在手Q上授权登录：
12-02 11:15:01 [warn] 

▄▄▄▄▄▄▄▄▄▄▄▄▄▄▄▄▄▄▄▄▄▄▄▄▄▄▄▄▄▄▄▄▄▄▄
█ ▄▄▄▄▄ █▀ █▀▀▀ ▀▀▀▀▄▄█▀█▀█ ▄▄▄▄▄ █
█ █   █ █▀ ▄ █▀█ ▀▀ ▄▄▄ ▀▄█ █   █ █
█ █▄▄▄█ █▀█ █▄█▄▀▀▄▀▄▄  ▄▄█ █▄▄▄█ █
█▄▄▄▄▄▄▄█▄█▄█ █▄▀ █ ▀▄▀ █▄█▄▄▄▄▄▄▄█
█   ▄ █▄▄▄ ▄█▄▄▀█▄▄█▄▀▄▄▀▀▄▀▄█▄▀ ▀█
█ ▀▀█▀ ▄█▀ ▀ ▄██▄▀▄▀▀█ ▄█▀▀▀▄ ▄▀▄██
█▀▄█▀▄█▄██▄▀▄▀▄▀▄▀▀▀▀   █▄▄▀ ▄▄█▀▀█
██▀▀ ▀▀▄▄▀▀ █▀██▄▀▄▄▀▀▀██▀  ▀██▀▄██
█▀█▄█▀█▄ ▀  █▄▄▀▄█▄▄█ ▀▀ ▄▄▀█▄▀█ ▀█
██ ▄▀ ▄▄ █▀▀ ▄██ █▄ █▄▀▀██ ▄▀█▄▀▄██
█ ██ ▄█▄█▄▄▄▄▀▄▀▀▀  ▀ ▄▄ ▀█▀█▄▀█ ▀█
█ ██▀█▀▄▀▀▄ █▀█▀▄█▄ █▀ ▀▀▀  ▄  ▀▄██
█▄██▄▄▄▄█ ▄ █▄▄▀▄▀██ ▀▀▀▄ ▄▄▄  ▀█ █
█ ▄▄▄▄▄ █▄▄  ▄▄▄▄█▄ ▀  █  █▄█ ▀ ▄██
█ █   █ █ █ ▄ ▄▀▀▀▄█ ▀ ▄▀▄ ▄  ▄█▄██
█ █▄▄▄█ █ ▄▄█▄██  ▄▄█▀▀  █▄▄ ▀▀ ▄██
█▄▄▄▄▄▄▄█▄████▄█▄█▄█▄█▄▄█▄██▄▄▄█▄██

二维码解码URL: https://txz.qq.com/p?k=iA58OuLR3I0GLolqVrJfr8vK2*RseJbH&f=1600001604
如果控制台二维码无法扫码，可以复制解码url到二维码生成网站生成二维码再扫码，也可以打开下方的二维码路径图片进行扫码。
12-02 11:15:01 [warn] 二维码已保存到 D:\库\Github\learn_python\ncatbot\napcat\cache\qrcode.png
12-02 11:15:26 [debug] 本账号数据/缓存目录： C:\Users\25501\Documents\Tencent Files\NapCat\data
12-02 11:15:26 [debug] [Core] [Config] 配置文件D:\库\Github\learn_python\ncatbot\napcat\config\napcat.json加载 {"fileLog":false,"consoleLog":true,"fileLogLevel":"debug","consoleLogLevel":"info","packetBackend":"auto","packetServer":"","o3HookMode":1}
12-02 11:15:26 [info] [Core] [Packet] 使用 NativePacketClient 作为后端
